2022-03-11 10:17:19.927  INFO 2188 --- [main] .a.i.SepmIndividualAssignmentApplication : Starting SepmIndividualAssignmentApplication using Java 17.0.2 on Jakes-Desktop with PID 2188 (C:\Users\Jakob\OneDrive\Desktop\TU\2022S\SEPM\sepm-individual-52009269\backend\target\classes started by Jakob in C:\Users\Jakob\OneDrive\Desktop\TU\2022S\SEPM\sepm-individual-52009269\backend)
2022-03-11 10:17:19.930  INFO 2188 --- [main] .a.i.SepmIndividualAssignmentApplication : No active profile set, falling back to 1 default profile: "default"
2022-03-11 10:17:20.654  INFO 2188 --- [main] o.s.b.w.embedded.tomcat.TomcatWebServer  : Tomcat initialized with port(s): 8080 (http)
2022-03-11 10:17:20.664  INFO 2188 --- [main] o.apache.catalina.core.StandardService   : Starting service [Tomcat]
2022-03-11 10:17:20.665  INFO 2188 --- [main] org.apache.catalina.core.StandardEngine  : Starting Servlet engine: [Apache Tomcat/9.0.58]
2022-03-11 10:17:20.719  INFO 2188 --- [main] o.a.c.c.C.[Tomcat].[localhost].[/]       : Initializing Spring embedded WebApplicationContext
2022-03-11 10:17:20.719  INFO 2188 --- [main] w.s.c.ServletWebServerApplicationContext : Root WebApplicationContext: initialization completed in 746 ms
2022-03-11 10:17:20.738  INFO 2188 --- [main] com.zaxxer.hikari.HikariDataSource       : HikariPool-1 - Starting...
2022-03-11 10:17:25.505  INFO 2188 --- [main] com.zaxxer.hikari.HikariDataSource       : HikariPool-1 - Start completed.
2022-03-11 10:17:25.512  INFO 2188 --- [main] o.s.b.a.h2.H2ConsoleAutoConfiguration    : H2 console available at '/h2-console'. Database available at 'jdbc:h2:./wendydb'
2022-03-11 10:17:25.837  INFO 2188 --- [main] o.s.b.w.embedded.tomcat.TomcatWebServer  : Tomcat started on port(s): 8080 (http) with context path ''
2022-03-11 10:17:25.848  INFO 2188 --- [main] .a.i.SepmIndividualAssignmentApplication : Started SepmIndividualAssignmentApplication in 6.387 seconds (JVM running for 7.268)
2022-03-11 10:18:24.346  INFO 2188 --- [SpringApplicationShutdownHook] com.zaxxer.hikari.HikariDataSource       : HikariPool-1 - Shutdown initiated...
2022-03-11 10:18:24.359  INFO 2188 --- [SpringApplicationShutdownHook] com.zaxxer.hikari.HikariDataSource       : HikariPool-1 - Shutdown completed.
2022-03-11 10:18:49.106  INFO 6156 --- [main] .a.i.SepmIndividualAssignmentApplication : Starting SepmIndividualAssignmentApplication using Java 17.0.2 on Jakes-Desktop with PID 6156 (C:\Users\Jakob\OneDrive\Desktop\TU\2022S\SEPM\sepm-individual-52009269\backend\target\classes started by Jakob in C:\Users\Jakob\OneDrive\Desktop\TU\2022S\SEPM\sepm-individual-52009269\backend)
2022-03-11 10:18:49.108  INFO 6156 --- [main] .a.i.SepmIndividualAssignmentApplication : No active profile set, falling back to 1 default profile: "default"
2022-03-11 10:18:49.955  INFO 6156 --- [main] o.s.b.w.embedded.tomcat.TomcatWebServer  : Tomcat initialized with port(s): 8080 (http)
2022-03-11 10:18:49.964  INFO 6156 --- [main] o.apache.catalina.core.StandardService   : Starting service [Tomcat]
2022-03-11 10:18:49.965  INFO 6156 --- [main] org.apache.catalina.core.StandardEngine  : Starting Servlet engine: [Apache Tomcat/9.0.58]
2022-03-11 10:18:50.019  INFO 6156 --- [main] o.a.c.c.C.[Tomcat].[localhost].[/]       : Initializing Spring embedded WebApplicationContext
2022-03-11 10:18:50.019  INFO 6156 --- [main] w.s.c.ServletWebServerApplicationContext : Root WebApplicationContext: initialization completed in 854 ms
2022-03-11 10:18:50.043  INFO 6156 --- [main] com.zaxxer.hikari.HikariDataSource       : HikariPool-1 - Starting...
2022-03-11 10:18:54.837  INFO 6156 --- [main] com.zaxxer.hikari.HikariDataSource       : HikariPool-1 - Start completed.
2022-03-11 10:18:54.844  INFO 6156 --- [main] o.s.b.a.h2.H2ConsoleAutoConfiguration    : H2 console available at '/h2-console'. Database available at 'jdbc:h2:./wendydb'
2022-03-11 10:18:55.113  INFO 6156 --- [main] o.s.b.w.embedded.tomcat.TomcatWebServer  : Tomcat started on port(s): 8080 (http) with context path ''
2022-03-11 10:18:55.120  INFO 6156 --- [main] .a.i.SepmIndividualAssignmentApplication : Started SepmIndividualAssignmentApplication in 6.41 seconds (JVM running for 6.722)
2022-03-11 10:22:28.837  INFO 6156 --- [http-nio-8080-exec-1] o.a.c.c.C.[Tomcat].[localhost].[/]       : Initializing Spring DispatcherServlet 'dispatcherServlet'
2022-03-11 10:22:28.839  INFO 6156 --- [http-nio-8080-exec-1] o.s.web.servlet.DispatcherServlet        : Initializing Servlet 'dispatcherServlet'
2022-03-11 10:22:28.840  INFO 6156 --- [http-nio-8080-exec-1] o.s.web.servlet.DispatcherServlet        : Completed initialization in 1 ms
2022-03-11 11:04:42.116  INFO 6156 --- [SpringApplicationShutdownHook] com.zaxxer.hikari.HikariDataSource       : HikariPool-1 - Shutdown initiated...
2022-03-11 11:04:42.124  INFO 6156 --- [SpringApplicationShutdownHook] com.zaxxer.hikari.HikariDataSource       : HikariPool-1 - Shutdown completed.
2022-03-11 11:04:50.167  INFO 22476 --- [main] .a.i.SepmIndividualAssignmentApplication : Starting SepmIndividualAssignmentApplication using Java 17.0.2 on Jakes-Desktop with PID 22476 (C:\Users\Jakob\OneDrive\Desktop\TU\2022S\SEPM\sepm-individual-52009269\backend\target\classes started by Jakob in C:\Users\Jakob\OneDrive\Desktop\TU\2022S\SEPM\sepm-individual-52009269\backend)
2022-03-11 11:04:50.169  INFO 22476 --- [main] .a.i.SepmIndividualAssignmentApplication : No active profile set, falling back to 1 default profile: "default"
2022-03-11 11:04:50.940  INFO 22476 --- [main] o.s.b.w.embedded.tomcat.TomcatWebServer  : Tomcat initialized with port(s): 8080 (http)
2022-03-11 11:04:50.948  INFO 22476 --- [main] o.apache.catalina.core.StandardService   : Starting service [Tomcat]
2022-03-11 11:04:50.948  INFO 22476 --- [main] org.apache.catalina.core.StandardEngine  : Starting Servlet engine: [Apache Tomcat/9.0.58]
2022-03-11 11:04:50.999  INFO 22476 --- [main] o.a.c.c.C.[Tomcat].[localhost].[/]       : Initializing Spring embedded WebApplicationContext
2022-03-11 11:04:51.000  INFO 22476 --- [main] w.s.c.ServletWebServerApplicationContext : Root WebApplicationContext: initialization completed in 793 ms
2022-03-11 11:04:51.021  INFO 22476 --- [main] com.zaxxer.hikari.HikariDataSource       : HikariPool-1 - Starting...
2022-03-11 11:04:55.817  INFO 22476 --- [main] com.zaxxer.hikari.HikariDataSource       : HikariPool-1 - Start completed.
2022-03-11 11:04:55.825  INFO 22476 --- [main] o.s.b.a.h2.H2ConsoleAutoConfiguration    : H2 console available at '/h2-console'. Database available at 'jdbc:h2:./wendydb'
2022-03-11 11:04:56.109  INFO 22476 --- [main] o.s.b.w.embedded.tomcat.TomcatWebServer  : Tomcat started on port(s): 8080 (http) with context path ''
2022-03-11 11:04:56.116  INFO 22476 --- [main] .a.i.SepmIndividualAssignmentApplication : Started SepmIndividualAssignmentApplication in 6.299 seconds (JVM running for 6.538)
2022-03-11 11:10:52.928  INFO 22476 --- [http-nio-8080-exec-1] o.a.c.c.C.[Tomcat].[localhost].[/]       : Initializing Spring DispatcherServlet 'dispatcherServlet'
2022-03-11 11:10:52.928  INFO 22476 --- [http-nio-8080-exec-1] o.s.web.servlet.DispatcherServlet        : Initializing Servlet 'dispatcherServlet'
2022-03-11 11:10:52.929  INFO 22476 --- [http-nio-8080-exec-1] o.s.web.servlet.DispatcherServlet        : Completed initialization in 1 ms
2022-03-11 11:12:52.866  INFO 22476 --- [SpringApplicationShutdownHook] com.zaxxer.hikari.HikariDataSource       : HikariPool-1 - Shutdown initiated...
2022-03-11 11:12:52.871  INFO 22476 --- [SpringApplicationShutdownHook] com.zaxxer.hikari.HikariDataSource       : HikariPool-1 - Shutdown completed.
2022-03-11 11:15:57.666  INFO 8424 --- [main] .a.i.SepmIndividualAssignmentApplication : Starting SepmIndividualAssignmentApplication using Java 17.0.2 on Jakes-Desktop with PID 8424 (C:\Users\Jakob\OneDrive\Desktop\TU\2022S\SEPM\sepm-individual-52009269\backend\target\classes started by Jakob in C:\Users\Jakob\OneDrive\Desktop\TU\2022S\SEPM\sepm-individual-52009269\backend)
2022-03-11 11:15:57.669  INFO 8424 --- [main] .a.i.SepmIndividualAssignmentApplication : No active profile set, falling back to 1 default profile: "default"
2022-03-11 11:15:58.281  INFO 8424 --- [main] o.s.b.w.embedded.tomcat.TomcatWebServer  : Tomcat initialized with port(s): 8080 (http)
2022-03-11 11:15:58.286  INFO 8424 --- [main] o.apache.catalina.core.StandardService   : Starting service [Tomcat]
2022-03-11 11:15:58.286  INFO 8424 --- [main] org.apache.catalina.core.StandardEngine  : Starting Servlet engine: [Apache Tomcat/9.0.58]
2022-03-11 11:15:58.334  INFO 8424 --- [main] o.a.c.c.C.[Tomcat].[localhost].[/]       : Initializing Spring embedded WebApplicationContext
2022-03-11 11:15:58.334  INFO 8424 --- [main] w.s.c.ServletWebServerApplicationContext : Root WebApplicationContext: initialization completed in 632 ms
2022-03-11 11:15:58.353  INFO 8424 --- [main] com.zaxxer.hikari.HikariDataSource       : HikariPool-1 - Starting...
2022-03-11 11:16:03.059  INFO 8424 --- [main] com.zaxxer.hikari.HikariDataSource       : HikariPool-1 - Start completed.
2022-03-11 11:16:03.072  INFO 8424 --- [main] o.s.b.a.h2.H2ConsoleAutoConfiguration    : H2 console available at '/h2-console'. Database available at 'jdbc:h2:./wendydb'
2022-03-11 11:16:03.309  INFO 8424 --- [main] o.s.b.w.embedded.tomcat.TomcatWebServer  : Tomcat started on port(s): 8080 (http) with context path ''
2022-03-11 11:16:03.317  INFO 8424 --- [main] .a.i.SepmIndividualAssignmentApplication : Started SepmIndividualAssignmentApplication in 5.934 seconds (JVM running for 6.4)
2022-03-11 11:17:11.335  INFO 8424 --- [SpringApplicationShutdownHook] com.zaxxer.hikari.HikariDataSource       : HikariPool-1 - Shutdown initiated...
2022-03-11 11:17:11.337  INFO 8424 --- [SpringApplicationShutdownHook] com.zaxxer.hikari.HikariDataSource       : HikariPool-1 - Shutdown completed.
2022-03-11 11:17:18.968  INFO 7096 --- [main] .a.i.SepmIndividualAssignmentApplication : Starting SepmIndividualAssignmentApplication using Java 17.0.2 on Jakes-Desktop with PID 7096 (C:\Users\Jakob\OneDrive\Desktop\TU\2022S\SEPM\sepm-individual-52009269\backend\target\classes started by Jakob in C:\Users\Jakob\OneDrive\Desktop\TU\2022S\SEPM\sepm-individual-52009269\backend)
2022-03-11 11:17:18.970  INFO 7096 --- [main] .a.i.SepmIndividualAssignmentApplication : No active profile set, falling back to 1 default profile: "default"
2022-03-11 11:17:19.569  INFO 7096 --- [main] o.s.b.w.embedded.tomcat.TomcatWebServer  : Tomcat initialized with port(s): 8080 (http)
2022-03-11 11:17:19.574  INFO 7096 --- [main] o.apache.catalina.core.StandardService   : Starting service [Tomcat]
2022-03-11 11:17:19.574  INFO 7096 --- [main] org.apache.catalina.core.StandardEngine  : Starting Servlet engine: [Apache Tomcat/9.0.58]
2022-03-11 11:17:19.621  INFO 7096 --- [main] o.a.c.c.C.[Tomcat].[localhost].[/]       : Initializing Spring embedded WebApplicationContext
2022-03-11 11:17:19.622  INFO 7096 --- [main] w.s.c.ServletWebServerApplicationContext : Root WebApplicationContext: initialization completed in 618 ms
2022-03-11 11:17:19.640  INFO 7096 --- [main] com.zaxxer.hikari.HikariDataSource       : HikariPool-1 - Starting...
2022-03-11 11:17:25.395 ERROR 7096 --- [main] com.zaxxer.hikari.pool.HikariPool        : HikariPool-1 - Exception during pool initialization.

org.h2.jdbc.JdbcSQLSyntaxErrorException: Syntax error in SQL statement "CREATE TABLE IF NOT EXISTS horse\000a(\000a    id              BIGINT AUTO_INCREMENT PRIMARY KEY,\000a    name            VARCHAR(255) NOT NULL,\000a    description     VARCHAR(255) NULL[*]"; expected "AS, DEFAULT, GENERATED, ON, AUTO_INCREMENT, DEFAULT, NULL_TO_DEFAULT, SEQUENCE, SELECTIVITY, COMMENT, CONSTRAINT, COMMENT, PRIMARY, UNIQUE, NOT, NULL, CHECK, REFERENCES, AUTO_INCREMENT, ,, )"; SQL statement:
CREATE TABLE IF NOT EXISTS horse
(
    id              BIGINT AUTO_INCREMENT PRIMARY KEY,
    name            VARCHAR(255) NOT NULL,
    description     VARCHAR(255) NULL [42001-210]
	at org.h2.message.DbException.getJdbcSQLException(DbException.java:521) ~[h2-2.1.210.jar:2.1.210]
	at org.h2.message.DbException.getJdbcSQLException(DbException.java:496) ~[h2-2.1.210.jar:2.1.210]
	at org.h2.message.DbException.getSyntaxError(DbException.java:265) ~[h2-2.1.210.jar:2.1.210]
	at org.h2.command.Parser.getSyntaxError(Parser.java:890) ~[h2-2.1.210.jar:2.1.210]
	at org.h2.command.Parser.read(Parser.java:5778) ~[h2-2.1.210.jar:2.1.210]
	at org.h2.command.Parser.readIfMore(Parser.java:1259) ~[h2-2.1.210.jar:2.1.210]
	at org.h2.command.Parser.parseCreateTable(Parser.java:9299) ~[h2-2.1.210.jar:2.1.210]
	at org.h2.command.Parser.parseCreate(Parser.java:6779) ~[h2-2.1.210.jar:2.1.210]
	at org.h2.command.Parser.parsePrepared(Parser.java:746) ~[h2-2.1.210.jar:2.1.210]
	at org.h2.command.Parser.parse(Parser.java:674) ~[h2-2.1.210.jar:2.1.210]
	at org.h2.command.Parser.parse(Parser.java:649) ~[h2-2.1.210.jar:2.1.210]
	at org.h2.command.Parser.prepare(Parser.java:535) ~[h2-2.1.210.jar:2.1.210]
	at org.h2.engine.SessionLocal.prepare(SessionLocal.java:580) ~[h2-2.1.210.jar:2.1.210]
	at org.h2.engine.SessionLocal.prepare(SessionLocal.java:564) ~[h2-2.1.210.jar:2.1.210]
	at org.h2.command.dml.RunScriptCommand.execute(RunScriptCommand.java:103) ~[h2-2.1.210.jar:2.1.210]
	at org.h2.command.dml.RunScriptCommand.update(RunScriptCommand.java:70) ~[h2-2.1.210.jar:2.1.210]
	at org.h2.command.CommandContainer.update(CommandContainer.java:174) ~[h2-2.1.210.jar:2.1.210]
	at org.h2.command.Command.executeUpdate(Command.java:252) ~[h2-2.1.210.jar:2.1.210]
	at org.h2.engine.Engine.openSession(Engine.java:279) ~[h2-2.1.210.jar:2.1.210]
	at org.h2.engine.Engine.createSession(Engine.java:201) ~[h2-2.1.210.jar:2.1.210]
	at org.h2.engine.SessionRemote.connectEmbeddedOrServer(SessionRemote.java:338) ~[h2-2.1.210.jar:2.1.210]
	at org.h2.jdbc.JdbcConnection.<init>(JdbcConnection.java:122) ~[h2-2.1.210.jar:2.1.210]
	at org.h2.Driver.connect(Driver.java:59) ~[h2-2.1.210.jar:2.1.210]
	at com.zaxxer.hikari.util.DriverDataSource.getConnection(DriverDataSource.java:138) ~[HikariCP-4.0.3.jar:na]
	at com.zaxxer.hikari.pool.PoolBase.newConnection(PoolBase.java:364) ~[HikariCP-4.0.3.jar:na]
	at com.zaxxer.hikari.pool.PoolBase.newPoolEntry(PoolBase.java:206) ~[HikariCP-4.0.3.jar:na]
	at com.zaxxer.hikari.pool.HikariPool.createPoolEntry(HikariPool.java:476) ~[HikariCP-4.0.3.jar:na]
	at com.zaxxer.hikari.pool.HikariPool.checkFailFast(HikariPool.java:561) ~[HikariCP-4.0.3.jar:na]
	at com.zaxxer.hikari.pool.HikariPool.<init>(HikariPool.java:115) ~[HikariCP-4.0.3.jar:na]
	at com.zaxxer.hikari.HikariDataSource.getConnection(HikariDataSource.java:112) ~[HikariCP-4.0.3.jar:na]
	at org.springframework.boot.autoconfigure.h2.H2ConsoleAutoConfiguration.lambda$logDataSources$0(H2ConsoleAutoConfiguration.java:77) ~[spring-boot-autoconfigure-2.6.4.jar:2.6.4]
	at java.base/java.util.stream.ReferencePipeline$3$1.accept(ReferencePipeline.java:197) ~[na:na]
	at java.base/java.util.ArrayList.forEach(ArrayList.java:1511) ~[na:na]
	at java.base/java.util.stream.SortedOps$RefSortingSink.end(SortedOps.java:395) ~[na:na]
	at java.base/java.util.stream.Sink$ChainedReference.end(Sink.java:258) ~[na:na]
	at java.base/java.util.stream.Sink$ChainedReference.end(Sink.java:258) ~[na:na]
	at java.base/java.util.stream.AbstractPipeline.copyInto(AbstractPipeline.java:510) ~[na:na]
	at java.base/java.util.stream.AbstractPipeline.wrapAndCopyInto(AbstractPipeline.java:499) ~[na:na]
	at java.base/java.util.stream.ReduceOps$ReduceOp.evaluateSequential(ReduceOps.java:921) ~[na:na]
	at java.base/java.util.stream.AbstractPipeline.evaluate(AbstractPipeline.java:234) ~[na:na]
	at java.base/java.util.stream.ReferencePipeline.collect(ReferencePipeline.java:682) ~[na:na]
	at org.springframework.boot.autoconfigure.h2.H2ConsoleAutoConfiguration.logDataSources(H2ConsoleAutoConfiguration.java:83) ~[spring-boot-autoconfigure-2.6.4.jar:2.6.4]
	at org.springframework.boot.autoconfigure.h2.H2ConsoleAutoConfiguration.h2Console(H2ConsoleAutoConfiguration.java:70) ~[spring-boot-autoconfigure-2.6.4.jar:2.6.4]
	at java.base/jdk.internal.reflect.NativeMethodAccessorImpl.invoke0(Native Method) ~[na:na]
	at java.base/jdk.internal.reflect.NativeMethodAccessorImpl.invoke(NativeMethodAccessorImpl.java:77) ~[na:na]
	at java.base/jdk.internal.reflect.DelegatingMethodAccessorImpl.invoke(DelegatingMethodAccessorImpl.java:43) ~[na:na]
	at java.base/java.lang.reflect.Method.invoke(Method.java:568) ~[na:na]
	at org.springframework.beans.factory.support.SimpleInstantiationStrategy.instantiate(SimpleInstantiationStrategy.java:154) ~[spring-beans-5.3.16.jar:5.3.16]
	at org.springframework.beans.factory.support.ConstructorResolver.instantiate(ConstructorResolver.java:653) ~[spring-beans-5.3.16.jar:5.3.16]
	at org.springframework.beans.factory.support.ConstructorResolver.instantiateUsingFactoryMethod(ConstructorResolver.java:638) ~[spring-beans-5.3.16.jar:5.3.16]
	at org.springframework.beans.factory.support.AbstractAutowireCapableBeanFactory.instantiateUsingFactoryMethod(AbstractAutowireCapableBeanFactory.java:1352) ~[spring-beans-5.3.16.jar:5.3.16]
	at org.springframework.beans.factory.support.AbstractAutowireCapableBeanFactory.createBeanInstance(AbstractAutowireCapableBeanFactory.java:1195) ~[spring-beans-5.3.16.jar:5.3.16]
	at org.springframework.beans.factory.support.AbstractAutowireCapableBeanFactory.doCreateBean(AbstractAutowireCapableBeanFactory.java:582) ~[spring-beans-5.3.16.jar:5.3.16]
	at org.springframework.beans.factory.support.AbstractAutowireCapableBeanFactory.createBean(AbstractAutowireCapableBeanFactory.java:542) ~[spring-beans-5.3.16.jar:5.3.16]
	at org.springframework.beans.factory.support.AbstractBeanFactory.lambda$doGetBean$0(AbstractBeanFactory.java:335) ~[spring-beans-5.3.16.jar:5.3.16]
	at org.springframework.beans.factory.support.DefaultSingletonBeanRegistry.getSingleton(DefaultSingletonBeanRegistry.java:234) ~[spring-beans-5.3.16.jar:5.3.16]
	at org.springframework.beans.factory.support.AbstractBeanFactory.doGetBean(AbstractBeanFactory.java:333) ~[spring-beans-5.3.16.jar:5.3.16]
	at org.springframework.beans.factory.support.AbstractBeanFactory.getBean(AbstractBeanFactory.java:213) ~[spring-beans-5.3.16.jar:5.3.16]
	at org.springframework.boot.web.servlet.ServletContextInitializerBeans.getOrderedBeansOfType(ServletContextInitializerBeans.java:212) ~[spring-boot-2.6.4.jar:2.6.4]
	at org.springframework.boot.web.servlet.ServletContextInitializerBeans.getOrderedBeansOfType(ServletContextInitializerBeans.java:203) ~[spring-boot-2.6.4.jar:2.6.4]
	at org.springframework.boot.web.servlet.ServletContextInitializerBeans.addServletContextInitializerBeans(ServletContextInitializerBeans.java:97) ~[spring-boot-2.6.4.jar:2.6.4]
	at org.springframework.boot.web.servlet.ServletContextInitializerBeans.<init>(ServletContextInitializerBeans.java:86) ~[spring-boot-2.6.4.jar:2.6.4]
	at org.springframework.boot.web.servlet.context.ServletWebServerApplicationContext.getServletContextInitializerBeans(ServletWebServerApplicationContext.java:260) ~[spring-boot-2.6.4.jar:2.6.4]
	at org.springframework.boot.web.servlet.context.ServletWebServerApplicationContext.selfInitialize(ServletWebServerApplicationContext.java:234) ~[spring-boot-2.6.4.jar:2.6.4]
	at org.springframework.boot.web.embedded.tomcat.TomcatStarter.onStartup(TomcatStarter.java:53) ~[spring-boot-2.6.4.jar:2.6.4]
	at org.apache.catalina.core.StandardContext.startInternal(StandardContext.java:5219) ~[tomcat-embed-core-9.0.58.jar:9.0.58]
	at org.apache.catalina.util.LifecycleBase.start(LifecycleBase.java:183) ~[tomcat-embed-core-9.0.58.jar:9.0.58]
	at org.apache.catalina.core.ContainerBase$StartChild.call(ContainerBase.java:1396) ~[tomcat-embed-core-9.0.58.jar:9.0.58]
	at org.apache.catalina.core.ContainerBase$StartChild.call(ContainerBase.java:1386) ~[tomcat-embed-core-9.0.58.jar:9.0.58]
	at java.base/java.util.concurrent.FutureTask.run(FutureTask.java:264) ~[na:na]
	at org.apache.tomcat.util.threads.InlineExecutorService.execute(InlineExecutorService.java:75) ~[tomcat-embed-core-9.0.58.jar:9.0.58]
	at java.base/java.util.concurrent.AbstractExecutorService.submit(AbstractExecutorService.java:145) ~[na:na]
	at org.apache.catalina.core.ContainerBase.startInternal(ContainerBase.java:919) ~[tomcat-embed-core-9.0.58.jar:9.0.58]
	at org.apache.catalina.core.StandardHost.startInternal(StandardHost.java:835) ~[tomcat-embed-core-9.0.58.jar:9.0.58]
	at org.apache.catalina.util.LifecycleBase.start(LifecycleBase.java:183) ~[tomcat-embed-core-9.0.58.jar:9.0.58]
	at org.apache.catalina.core.ContainerBase$StartChild.call(ContainerBase.java:1396) ~[tomcat-embed-core-9.0.58.jar:9.0.58]
	at org.apache.catalina.core.ContainerBase$StartChild.call(ContainerBase.java:1386) ~[tomcat-embed-core-9.0.58.jar:9.0.58]
	at java.base/java.util.concurrent.FutureTask.run(FutureTask.java:264) ~[na:na]
	at org.apache.tomcat.util.threads.InlineExecutorService.execute(InlineExecutorService.java:75) ~[tomcat-embed-core-9.0.58.jar:9.0.58]
	at java.base/java.util.concurrent.AbstractExecutorService.submit(AbstractExecutorService.java:145) ~[na:na]
	at org.apache.catalina.core.ContainerBase.startInternal(ContainerBase.java:919) ~[tomcat-embed-core-9.0.58.jar:9.0.58]
	at org.apache.catalina.core.StandardEngine.startInternal(StandardEngine.java:263) ~[tomcat-embed-core-9.0.58.jar:9.0.58]
	at org.apache.catalina.util.LifecycleBase.start(LifecycleBase.java:183) ~[tomcat-embed-core-9.0.58.jar:9.0.58]
	at org.apache.catalina.core.StandardService.startInternal(StandardService.java:432) ~[tomcat-embed-core-9.0.58.jar:9.0.58]
	at org.apache.catalina.util.LifecycleBase.start(LifecycleBase.java:183) ~[tomcat-embed-core-9.0.58.jar:9.0.58]
	at org.apache.catalina.core.StandardServer.startInternal(StandardServer.java:927) ~[tomcat-embed-core-9.0.58.jar:9.0.58]
	at org.apache.catalina.util.LifecycleBase.start(LifecycleBase.java:183) ~[tomcat-embed-core-9.0.58.jar:9.0.58]
	at org.apache.catalina.startup.Tomcat.start(Tomcat.java:486) ~[tomcat-embed-core-9.0.58.jar:9.0.58]
	at org.springframework.boot.web.embedded.tomcat.TomcatWebServer.initialize(TomcatWebServer.java:123) ~[spring-boot-2.6.4.jar:2.6.4]
	at org.springframework.boot.web.embedded.tomcat.TomcatWebServer.<init>(TomcatWebServer.java:104) ~[spring-boot-2.6.4.jar:2.6.4]
	at org.springframework.boot.web.embedded.tomcat.TomcatServletWebServerFactory.getTomcatWebServer(TomcatServletWebServerFactory.java:478) ~[spring-boot-2.6.4.jar:2.6.4]
	at org.springframework.boot.web.embedded.tomcat.TomcatServletWebServerFactory.getWebServer(TomcatServletWebServerFactory.java:211) ~[spring-boot-2.6.4.jar:2.6.4]
	at org.springframework.boot.web.servlet.context.ServletWebServerApplicationContext.createWebServer(ServletWebServerApplicationContext.java:182) ~[spring-boot-2.6.4.jar:2.6.4]
	at org.springframework.boot.web.servlet.context.ServletWebServerApplicationContext.onRefresh(ServletWebServerApplicationContext.java:160) ~[spring-boot-2.6.4.jar:2.6.4]
	at org.springframework.context.support.AbstractApplicationContext.refresh(AbstractApplicationContext.java:577) ~[spring-context-5.3.16.jar:5.3.16]
	at org.springframework.boot.web.servlet.context.ServletWebServerApplicationContext.refresh(ServletWebServerApplicationContext.java:145) ~[spring-boot-2.6.4.jar:2.6.4]
	at org.springframework.boot.SpringApplication.refresh(SpringApplication.java:740) ~[spring-boot-2.6.4.jar:2.6.4]
	at org.springframework.boot.SpringApplication.refreshContext(SpringApplication.java:415) ~[spring-boot-2.6.4.jar:2.6.4]
	at org.springframework.boot.SpringApplication.run(SpringApplication.java:303) ~[spring-boot-2.6.4.jar:2.6.4]
	at org.springframework.boot.SpringApplication.run(SpringApplication.java:1312) ~[spring-boot-2.6.4.jar:2.6.4]
	at org.springframework.boot.SpringApplication.run(SpringApplication.java:1301) ~[spring-boot-2.6.4.jar:2.6.4]
	at at.ac.tuwien.sepm.assignment.individual.SepmIndividualAssignmentApplication.main(SepmIndividualAssignmentApplication.java:10) ~[classes/:na]

2022-03-11 11:17:25.697  INFO 7096 --- [main] o.s.b.w.embedded.tomcat.TomcatWebServer  : Tomcat started on port(s): 8080 (http) with context path ''
2022-03-11 11:17:25.705  INFO 7096 --- [main] .a.i.SepmIndividualAssignmentApplication : Started SepmIndividualAssignmentApplication in 7.015 seconds (JVM running for 7.472)
2022-03-11 11:17:36.512  INFO 24180 --- [main] .a.i.SepmIndividualAssignmentApplication : Starting SepmIndividualAssignmentApplication using Java 17.0.2 on Jakes-Desktop with PID 24180 (C:\Users\Jakob\OneDrive\Desktop\TU\2022S\SEPM\sepm-individual-52009269\backend\target\classes started by Jakob in C:\Users\Jakob\OneDrive\Desktop\TU\2022S\SEPM\sepm-individual-52009269\backend)
2022-03-11 11:17:36.514  INFO 24180 --- [main] .a.i.SepmIndividualAssignmentApplication : No active profile set, falling back to 1 default profile: "default"
2022-03-11 11:17:37.120  INFO 24180 --- [main] o.s.b.w.embedded.tomcat.TomcatWebServer  : Tomcat initialized with port(s): 8080 (http)
2022-03-11 11:17:37.125  INFO 24180 --- [main] o.apache.catalina.core.StandardService   : Starting service [Tomcat]
2022-03-11 11:17:37.125  INFO 24180 --- [main] org.apache.catalina.core.StandardEngine  : Starting Servlet engine: [Apache Tomcat/9.0.58]
2022-03-11 11:17:37.172  INFO 24180 --- [main] o.a.c.c.C.[Tomcat].[localhost].[/]       : Initializing Spring embedded WebApplicationContext
2022-03-11 11:17:37.172  INFO 24180 --- [main] w.s.c.ServletWebServerApplicationContext : Root WebApplicationContext: initialization completed in 625 ms
2022-03-11 11:17:37.190  INFO 24180 --- [main] com.zaxxer.hikari.HikariDataSource       : HikariPool-1 - Starting...
2022-03-11 11:17:41.860  INFO 24180 --- [main] com.zaxxer.hikari.HikariDataSource       : HikariPool-1 - Start completed.
2022-03-11 11:17:41.868  INFO 24180 --- [main] o.s.b.a.h2.H2ConsoleAutoConfiguration    : H2 console available at '/h2-console'. Database available at 'jdbc:h2:./wendydb'
2022-03-11 11:17:42.114  INFO 24180 --- [main] o.s.b.w.embedded.tomcat.TomcatWebServer  : Tomcat started on port(s): 8080 (http) with context path ''
2022-03-11 11:17:42.120  INFO 24180 --- [main] .a.i.SepmIndividualAssignmentApplication : Started SepmIndividualAssignmentApplication in 5.895 seconds (JVM running for 6.397)
2022-03-11 11:17:52.239  INFO 24180 --- [SpringApplicationShutdownHook] com.zaxxer.hikari.HikariDataSource       : HikariPool-1 - Shutdown initiated...
2022-03-11 11:17:52.241  INFO 24180 --- [SpringApplicationShutdownHook] com.zaxxer.hikari.HikariDataSource       : HikariPool-1 - Shutdown completed.
2022-03-11 11:18:43.525  INFO 18948 --- [main] .a.i.SepmIndividualAssignmentApplication : Starting SepmIndividualAssignmentApplication using Java 17.0.2 on Jakes-Desktop with PID 18948 (C:\Users\Jakob\OneDrive\Desktop\TU\2022S\SEPM\sepm-individual-52009269\backend\target\classes started by Jakob in C:\Users\Jakob\OneDrive\Desktop\TU\2022S\SEPM\sepm-individual-52009269\backend)
2022-03-11 11:18:43.529  INFO 18948 --- [main] .a.i.SepmIndividualAssignmentApplication : No active profile set, falling back to 1 default profile: "default"
2022-03-11 11:18:44.404  INFO 18948 --- [main] o.s.b.w.embedded.tomcat.TomcatWebServer  : Tomcat initialized with port(s): 8080 (http)
2022-03-11 11:18:44.410  INFO 18948 --- [main] o.apache.catalina.core.StandardService   : Starting service [Tomcat]
2022-03-11 11:18:44.411  INFO 18948 --- [main] org.apache.catalina.core.StandardEngine  : Starting Servlet engine: [Apache Tomcat/9.0.58]
2022-03-11 11:18:44.458  INFO 18948 --- [main] o.a.c.c.C.[Tomcat].[localhost].[/]       : Initializing Spring embedded WebApplicationContext
2022-03-11 11:18:44.458  INFO 18948 --- [main] w.s.c.ServletWebServerApplicationContext : Root WebApplicationContext: initialization completed in 889 ms
2022-03-11 11:18:44.479  INFO 18948 --- [main] com.zaxxer.hikari.HikariDataSource       : HikariPool-1 - Starting...
2022-03-11 11:18:49.187  INFO 18948 --- [main] com.zaxxer.hikari.HikariDataSource       : HikariPool-1 - Start completed.
2022-03-11 11:18:49.196  INFO 18948 --- [main] o.s.b.a.h2.H2ConsoleAutoConfiguration    : H2 console available at '/h2-console'. Database available at 'jdbc:h2:./wendydb'
2022-03-11 11:18:49.467  INFO 18948 --- [main] o.s.b.w.embedded.tomcat.TomcatWebServer  : Tomcat started on port(s): 8080 (http) with context path ''
2022-03-11 11:18:49.474  INFO 18948 --- [main] .a.i.SepmIndividualAssignmentApplication : Started SepmIndividualAssignmentApplication in 6.247 seconds (JVM running for 6.739)
2022-03-11 11:18:50.093  INFO 18948 --- [http-nio-8080-exec-1] o.a.c.c.C.[Tomcat].[localhost].[/]       : Initializing Spring DispatcherServlet 'dispatcherServlet'
2022-03-11 11:18:50.093  INFO 18948 --- [http-nio-8080-exec-1] o.s.web.servlet.DispatcherServlet        : Initializing Servlet 'dispatcherServlet'
2022-03-11 11:18:50.094  INFO 18948 --- [http-nio-8080-exec-1] o.s.web.servlet.DispatcherServlet        : Completed initialization in 1 ms
2022-03-11 11:20:16.842  INFO 18948 --- [SpringApplicationShutdownHook] com.zaxxer.hikari.HikariDataSource       : HikariPool-1 - Shutdown initiated...
2022-03-11 11:20:16.844  INFO 18948 --- [SpringApplicationShutdownHook] com.zaxxer.hikari.HikariDataSource       : HikariPool-1 - Shutdown completed.
2022-03-11 11:27:18.359  INFO 5828 --- [main] .a.i.SepmIndividualAssignmentApplication : Starting SepmIndividualAssignmentApplication using Java 17.0.2 on Jakes-Desktop with PID 5828 (C:\Users\Jakob\OneDrive\Desktop\TU\2022S\SEPM\sepm-individual-52009269\backend\target\classes started by Jakob in C:\Users\Jakob\OneDrive\Desktop\TU\2022S\SEPM\sepm-individual-52009269\backend)
2022-03-11 11:27:18.361  INFO 5828 --- [main] .a.i.SepmIndividualAssignmentApplication : The following 1 profile is active: "datagen"
2022-03-11 11:27:18.978  INFO 5828 --- [main] o.s.b.w.embedded.tomcat.TomcatWebServer  : Tomcat initialized with port(s): 8080 (http)
2022-03-11 11:27:18.983  INFO 5828 --- [main] o.apache.catalina.core.StandardService   : Starting service [Tomcat]
2022-03-11 11:27:18.983  INFO 5828 --- [main] org.apache.catalina.core.StandardEngine  : Starting Servlet engine: [Apache Tomcat/9.0.58]
2022-03-11 11:27:19.031  INFO 5828 --- [main] o.a.c.c.C.[Tomcat].[localhost].[/]       : Initializing Spring embedded WebApplicationContext
2022-03-11 11:27:19.031  INFO 5828 --- [main] w.s.c.ServletWebServerApplicationContext : Root WebApplicationContext: initialization completed in 630 ms
2022-03-11 11:27:19.050  INFO 5828 --- [main] com.zaxxer.hikari.HikariDataSource       : HikariPool-1 - Starting...
2022-03-11 11:27:23.766  INFO 5828 --- [main] com.zaxxer.hikari.HikariDataSource       : HikariPool-1 - Start completed.
2022-03-11 11:27:23.774  INFO 5828 --- [main] o.s.b.a.h2.H2ConsoleAutoConfiguration    : H2 console available at '/h2-console'. Database available at 'jdbc:h2:./wendydb'
2022-03-11 11:27:23.808  INFO 5828 --- [main] a.a.t.s.a.i.p.DataGeneratorBean          : Generating data…
2022-03-11 11:27:23.812  INFO 5828 --- [main] a.a.t.s.a.i.p.DataGeneratorBean          : Finished generating data without error.
2022-03-11 11:27:24.035  INFO 5828 --- [main] o.s.b.w.embedded.tomcat.TomcatWebServer  : Tomcat started on port(s): 8080 (http) with context path ''
2022-03-11 11:27:24.041  INFO 5828 --- [main] .a.i.SepmIndividualAssignmentApplication : Started SepmIndividualAssignmentApplication in 6.073 seconds (JVM running for 6.673)
2022-03-11 11:27:32.431  INFO 5828 --- [http-nio-8080-exec-1] o.a.c.c.C.[Tomcat].[localhost].[/]       : Initializing Spring DispatcherServlet 'dispatcherServlet'
2022-03-11 11:27:32.431  INFO 5828 --- [http-nio-8080-exec-1] o.s.web.servlet.DispatcherServlet        : Initializing Servlet 'dispatcherServlet'
2022-03-11 11:27:32.432  INFO 5828 --- [http-nio-8080-exec-1] o.s.web.servlet.DispatcherServlet        : Completed initialization in 1 ms
2022-03-11 11:28:04.941  INFO 5828 --- [SpringApplicationShutdownHook] com.zaxxer.hikari.HikariDataSource       : HikariPool-1 - Shutdown initiated...
2022-03-11 11:28:04.953  INFO 5828 --- [SpringApplicationShutdownHook] com.zaxxer.hikari.HikariDataSource       : HikariPool-1 - Shutdown completed.
2022-03-11 11:59:18.404  INFO 23776 --- [main] .a.i.SepmIndividualAssignmentApplication : Starting SepmIndividualAssignmentApplication using Java 17.0.2 on Jakes-Desktop with PID 23776 (C:\Users\Jakob\OneDrive\Desktop\TU\2022S\SEPM\sepm-individual-52009269\backend\target\classes started by Jakob in C:\Users\Jakob\OneDrive\Desktop\TU\2022S\SEPM\sepm-individual-52009269\backend)
2022-03-11 11:59:18.407  INFO 23776 --- [main] .a.i.SepmIndividualAssignmentApplication : The following 1 profile is active: "datagen"
2022-03-11 11:59:19.056  INFO 23776 --- [main] o.s.b.w.embedded.tomcat.TomcatWebServer  : Tomcat initialized with port(s): 8080 (http)
2022-03-11 11:59:19.061  INFO 23776 --- [main] o.apache.catalina.core.StandardService   : Starting service [Tomcat]
2022-03-11 11:59:19.061  INFO 23776 --- [main] org.apache.catalina.core.StandardEngine  : Starting Servlet engine: [Apache Tomcat/9.0.58]
2022-03-11 11:59:19.109  INFO 23776 --- [main] o.a.c.c.C.[Tomcat].[localhost].[/]       : Initializing Spring embedded WebApplicationContext
2022-03-11 11:59:19.110  INFO 23776 --- [main] w.s.c.ServletWebServerApplicationContext : Root WebApplicationContext: initialization completed in 668 ms
2022-03-11 11:59:19.132  INFO 23776 --- [main] com.zaxxer.hikari.HikariDataSource       : HikariPool-1 - Starting...
2022-03-11 11:59:23.866  INFO 23776 --- [main] com.zaxxer.hikari.HikariDataSource       : HikariPool-1 - Start completed.
2022-03-11 11:59:23.874  INFO 23776 --- [main] o.s.b.a.h2.H2ConsoleAutoConfiguration    : H2 console available at '/h2-console'. Database available at 'jdbc:h2:./wendydb'
2022-03-11 11:59:23.908  INFO 23776 --- [main] a.a.t.s.a.i.p.DataGeneratorBean          : Generating data…
2022-03-11 11:59:23.913  INFO 23776 --- [main] a.a.t.s.a.i.p.DataGeneratorBean          : Finished generating data without error.
2022-03-11 11:59:24.152  INFO 23776 --- [main] o.s.b.w.embedded.tomcat.TomcatWebServer  : Tomcat started on port(s): 8080 (http) with context path ''
2022-03-11 11:59:24.159  INFO 23776 --- [main] .a.i.SepmIndividualAssignmentApplication : Started SepmIndividualAssignmentApplication in 6.058 seconds (JVM running for 6.768)
2022-03-11 12:00:08.475  INFO 23776 --- [http-nio-8080-exec-1] o.a.c.c.C.[Tomcat].[localhost].[/]       : Initializing Spring DispatcherServlet 'dispatcherServlet'
2022-03-11 12:00:08.476  INFO 23776 --- [http-nio-8080-exec-1] o.s.web.servlet.DispatcherServlet        : Initializing Servlet 'dispatcherServlet'
2022-03-11 12:00:08.477  INFO 23776 --- [http-nio-8080-exec-1] o.s.web.servlet.DispatcherServlet        : Completed initialization in 1 ms
